

Microchip MPLAB XC8 Assembler V2.35 build 20211206165544 
                                                                                               Thu Jun  2 18:56:21 2022

Microchip MPLAB XC8 C Compiler v2.35 (Free license) build 20211206165544 Og1 
     1                           	processor	16F887
     2                           	pagewidth 120
     3                           	opt	flic
     4                           	psect	cinit,global,class=CODE,merge=1,delta=2
     5                           	psect	bssCOMMON,global,class=COMMON,space=1,delta=1,noexec
     6                           	psect	cstackCOMMON,global,class=COMMON,space=1,delta=1,noexec
     7                           	psect	maintext,global,class=CODE,split=1,delta=2
     8                           	psect	text1,local,class=CODE,merge=1,delta=2
     9                           	psect	text2,local,class=CODE,merge=1,delta=2
    10                           	psect	text3,local,class=CODE,merge=1,delta=2
    11                           	psect	intentry,global,class=CODE,delta=2
    12                           	psect	text4,local,class=CODE,merge=1,delta=2
    13                           	psect	idloc,global,abs,ovrld,class=IDLOC,space=5,delta=2,noexec
    14                           	psect	config,global,abs,ovrld,class=CONFIG,space=4,delta=2,noexec
    15                           	dabs	1,0x7E,2
    16  0000                     
    17                           ; Version 2.40
    18                           ; Generated 17/11/2021 GMT
    19                           ; 
    20                           ; Copyright © 2021, Microchip Technology Inc. and its subsidiaries ("Microchip")
    21                           ; All rights reserved.
    22                           ; 
    23                           ; This software is developed by Microchip Technology Inc. and its subsidiaries ("Microch
      +                          ip").
    24                           ; 
    25                           ; Redistribution and use in source and binary forms, with or without modification, are
    26                           ; permitted provided that the following conditions are met:
    27                           ; 
    28                           ;     1. Redistributions of source code must retain the above copyright notice, this lis
      +                          t of
    29                           ;        conditions and the following disclaimer.
    30                           ; 
    31                           ;     2. Redistributions in binary form must reproduce the above copyright notice, this 
      +                          list
    32                           ;        of conditions and the following disclaimer in the documentation and/or other
    33                           ;        materials provided with the distribution. Publication is not required when
    34                           ;        this file is used in an embedded application.
    35                           ; 
    36                           ;     3. Microchip's name may not be used to endorse or promote products derived from th
      +                          is
    37                           ;        software without specific prior written permission.
    38                           ; 
    39                           ; THIS SOFTWARE IS PROVIDED BY MICROCHIP "AS IS" AND ANY EXPRESS OR IMPLIED WARRANTIES,
    40                           ; INCLUDING, BUT NOT LIMITED TO, THE IMPLIED WARRANTIES OF MERCHANTABILITY AND FITNESS F
      +                          OR
    41                           ; PURPOSE ARE DISCLAIMED.  IN NO EVENT SHALL MICROCHIP BE LIABLE FOR ANY DIRECT, INDIREC
      +                          T,
    42                           ; INCIDENTAL, SPECIAL, EXEMPLARY, OR CONSEQUENTIAL DAMAGES (INCLUDING BUT NOT LIMITED TO
    43                           ; PROCUREMENT OF SUBSTITUTE GOODS OR SERVICES; LOSS OF USE, DATA OR PROFITS; OR BUSINESS
    44                           ; INTERRUPTION) HOWSOEVER CAUSED AND ON ANY THEORY OF LIABILITY, WHETHER IN CONTRACT, ST
      +                          RICT
    45                           ; LIABILITY, OR TORT (INCLUDING NEGLIGENCE OR OTHERWISE) ARISING IN ANY WAY OUT OF THE U
      +                          SE OF
    46                           ; THIS SOFTWARE, EVEN IF ADVISED OF THE POSSIBILITY OF SUCH DAMAGE.
    47                           ; 
    48                           ; 
    49                           ; Code-generator required, PIC16F887 Definitions
    50                           ; 
    51                           ; SFR Addresses
    52  0000                     	;# 
    53  0001                     	;# 
    54  0002                     	;# 
    55  0003                     	;# 
    56  0004                     	;# 
    57  0005                     	;# 
    58  0006                     	;# 
    59  0007                     	;# 
    60  0008                     	;# 
    61  0009                     	;# 
    62  000A                     	;# 
    63  000B                     	;# 
    64  000C                     	;# 
    65  000D                     	;# 
    66  000E                     	;# 
    67  000E                     	;# 
    68  000F                     	;# 
    69  0010                     	;# 
    70  0011                     	;# 
    71  0012                     	;# 
    72  0013                     	;# 
    73  0014                     	;# 
    74  0015                     	;# 
    75  0015                     	;# 
    76  0016                     	;# 
    77  0017                     	;# 
    78  0018                     	;# 
    79  0019                     	;# 
    80  001A                     	;# 
    81  001B                     	;# 
    82  001B                     	;# 
    83  001C                     	;# 
    84  001D                     	;# 
    85  001E                     	;# 
    86  001F                     	;# 
    87  0081                     	;# 
    88  0085                     	;# 
    89  0086                     	;# 
    90  0087                     	;# 
    91  0088                     	;# 
    92  0089                     	;# 
    93  008C                     	;# 
    94  008D                     	;# 
    95  008E                     	;# 
    96  008F                     	;# 
    97  0090                     	;# 
    98  0091                     	;# 
    99  0092                     	;# 
   100  0093                     	;# 
   101  0093                     	;# 
   102  0093                     	;# 
   103  0094                     	;# 
   104  0095                     	;# 
   105  0096                     	;# 
   106  0097                     	;# 
   107  0098                     	;# 
   108  0099                     	;# 
   109  009A                     	;# 
   110  009B                     	;# 
   111  009C                     	;# 
   112  009D                     	;# 
   113  009E                     	;# 
   114  009F                     	;# 
   115  0105                     	;# 
   116  0107                     	;# 
   117  0108                     	;# 
   118  0109                     	;# 
   119  010C                     	;# 
   120  010C                     	;# 
   121  010D                     	;# 
   122  010E                     	;# 
   123  010F                     	;# 
   124  0185                     	;# 
   125  0187                     	;# 
   126  0188                     	;# 
   127  0189                     	;# 
   128  018C                     	;# 
   129  018D                     	;# 
   130  0000                     	;# 
   131  0001                     	;# 
   132  0002                     	;# 
   133  0003                     	;# 
   134  0004                     	;# 
   135  0005                     	;# 
   136  0006                     	;# 
   137  0007                     	;# 
   138  0008                     	;# 
   139  0009                     	;# 
   140  000A                     	;# 
   141  000B                     	;# 
   142  000C                     	;# 
   143  000D                     	;# 
   144  000E                     	;# 
   145  000E                     	;# 
   146  000F                     	;# 
   147  0010                     	;# 
   148  0011                     	;# 
   149  0012                     	;# 
   150  0013                     	;# 
   151  0014                     	;# 
   152  0015                     	;# 
   153  0015                     	;# 
   154  0016                     	;# 
   155  0017                     	;# 
   156  0018                     	;# 
   157  0019                     	;# 
   158  001A                     	;# 
   159  001B                     	;# 
   160  001B                     	;# 
   161  001C                     	;# 
   162  001D                     	;# 
   163  001E                     	;# 
   164  001F                     	;# 
   165  0081                     	;# 
   166  0085                     	;# 
   167  0086                     	;# 
   168  0087                     	;# 
   169  0088                     	;# 
   170  0089                     	;# 
   171  008C                     	;# 
   172  008D                     	;# 
   173  008E                     	;# 
   174  008F                     	;# 
   175  0090                     	;# 
   176  0091                     	;# 
   177  0092                     	;# 
   178  0093                     	;# 
   179  0093                     	;# 
   180  0093                     	;# 
   181  0094                     	;# 
   182  0095                     	;# 
   183  0096                     	;# 
   184  0097                     	;# 
   185  0098                     	;# 
   186  0099                     	;# 
   187  009A                     	;# 
   188  009B                     	;# 
   189  009C                     	;# 
   190  009D                     	;# 
   191  009E                     	;# 
   192  009F                     	;# 
   193  0105                     	;# 
   194  0107                     	;# 
   195  0108                     	;# 
   196  0109                     	;# 
   197  010C                     	;# 
   198  010C                     	;# 
   199  010D                     	;# 
   200  010E                     	;# 
   201  010F                     	;# 
   202  0185                     	;# 
   203  0187                     	;# 
   204  0188                     	;# 
   205  0189                     	;# 
   206  018C                     	;# 
   207  018D                     	;# 
   208  0001                     _TMR0	set	1
   209  0014                     _SSPCONbits	set	20
   210  0012                     _T2CONbits	set	18
   211  001D                     _CCP2CONbits	set	29
   212  0009                     _PORTE	set	9
   213  0008                     _PORTD	set	8
   214  0007                     _PORTC	set	7
   215  0006                     _PORTB	set	6
   216  0005                     _PORTA	set	5
   217  0013                     _SSPBUF	set	19
   218  0005                     _PORTAbits	set	5
   219  000B                     _INTCONbits	set	11
   220  001B                     _CCPR2L	set	27
   221  0017                     _CCP1CONbits	set	23
   222  0015                     _CCPR1L	set	21
   223  0008                     _PORTDbits	set	8
   224  001E                     _ADRESH	set	30
   225  001F                     _ADCON0bits	set	31
   226  000C                     _PIR1bits	set	12
   227  008C                     _PIE1bits	set	140
   228  0094                     _SSPSTATbits	set	148
   229  0081                     _OPTION_REGbits	set	129
   230  0092                     _PR2	set	146
   231  0087                     _TRISCbits	set	135
   232  009F                     _ADCON1bits	set	159
   233  0089                     _TRISE	set	137
   234  0088                     _TRISD	set	136
   235  0087                     _TRISC	set	135
   236  0086                     _TRISB	set	134
   237  0085                     _TRISA	set	133
   238  008F                     _OSCCONbits	set	143
   239  010C                     _EEDAT	set	268
   240  010D                     _EEADR	set	269
   241  018D                     _EECON2	set	397
   242  018C                     _EECON1bits	set	396
   243  0189                     _ANSELH	set	393
   244  0188                     _ANSEL	set	392
   245                           
   246                           	psect	cinit
   247  000F                     start_initialization:	
   248                           ; #config settings
   249                           
   250  000F                     __initialization:
   251                           
   252                           ; Clear objects allocated to COMMON
   253  000F  01F6               	clrf	__pbssCOMMON& (0+127)
   254  0010                     end_of_initialization:	
   255                           ;End of C runtime variable initialization code
   256                           
   257  0010                     __end_of__initialization:
   258  0010  0183               	clrf	3
   259  0011  120A  118A  2920   	ljmp	_main	;jump to C main() function
   260                           
   261                           	psect	bssCOMMON
   262  0076                     __pbssCOMMON:
   263  0076                     _data_SPI:
   264  0076                     	ds	1
   265                           
   266                           	psect	cstackCOMMON
   267  0070                     __pcstackCOMMON:
   268  0070                     ?_reset_TMR0:
   269  0070                     ?_setup:	
   270                           ; 1 bytes @ 0x0
   271                           
   272  0070                     ?_isr:	
   273                           ; 1 bytes @ 0x0
   274                           
   275  0070                     ??_isr:	
   276                           ; 1 bytes @ 0x0
   277                           
   278  0070                     ?_main:	
   279                           ; 1 bytes @ 0x0
   280                           
   281  0070                     ?i1_reset_TMR0:	
   282                           ; 1 bytes @ 0x0
   283                           
   284  0070                     ??i1_reset_TMR0:	
   285                           ; 1 bytes @ 0x0
   286                           
   287                           
   288                           ; 1 bytes @ 0x0
   289  0070                     	ds	4
   290  0074                     ??_reset_TMR0:
   291  0074                     ??_setup:	
   292                           ; 1 bytes @ 0x4
   293                           
   294  0074                     ??_main:	
   295                           ; 1 bytes @ 0x4
   296                           
   297                           
   298                           ; 1 bytes @ 0x4
   299  0074                     	ds	2
   300                           
   301                           	psect	maintext
   302  0120                     __pmaintext:	
   303 ;;
   304 ;;Main: autosize = 0, tempsize = 2, incstack = 0, save=0
   305 ;;
   306 ;; *************** function _main *****************
   307 ;; Defined at:
   308 ;;		line 109 in file "main.c"
   309 ;; Parameters:    Size  Location     Type
   310 ;;		None
   311 ;; Auto vars:     Size  Location     Type
   312 ;;		None
   313 ;; Return value:  Size  Location     Type
   314 ;;                  1    wreg      void 
   315 ;; Registers used:
   316 ;;		wreg, status,2, status,0, pclath, cstack
   317 ;; Tracked objects:
   318 ;;		On entry : B00/0
   319 ;;		On exit  : 0/0
   320 ;;		Unchanged: 0/0
   321 ;; Data sizes:     COMMON   BANK0   BANK1   BANK3   BANK2
   322 ;;      Params:         0       0       0       0       0
   323 ;;      Locals:         0       0       0       0       0
   324 ;;      Temps:          2       0       0       0       0
   325 ;;      Totals:         2       0       0       0       0
   326 ;;Total ram usage:        2 bytes
   327 ;; Hardware stack levels required when called: 3
   328 ;; This function calls:
   329 ;;		_reset_TMR0
   330 ;;		_setup
   331 ;; This function is called by:
   332 ;;		Startup code after reset
   333 ;; This function uses a non-reentrant model
   334 ;;
   335                           
   336  0120                     _main:	
   337                           ;psect for function _main
   338                           
   339  0120                     l862:	
   340                           ;incstack = 0
   341                           ; Regs used in _main: [wreg+status,2+status,0+pclath+cstack]
   342                           
   343                           
   344                           ;main.c: 111:     setup();
   345  0120  120A  118A  20A5  120A  118A  	fcall	_setup
   346  0125                     l864:
   347                           
   348                           ;main.c: 112:     reset_TMR0();
   349  0125  120A  118A  2185  120A  118A  	fcall	_reset_TMR0
   350                           
   351                           ;main.c: 113:     _delay((unsigned long)((50)*(4000000/4000000.0)));
   352  012A  3010               	movlw	16
   353  012B  00F4               	movwf	??_main
   354  012C                     u167:
   355  012C  0BF4               	decfsz	??_main,f
   356  012D  292C               	goto	u167
   357  012E  0000               	nop
   358  012F                     l866:
   359                           
   360                           ;main.c: 116:     {;main.c: 118:         if (ADCON0bits.GO == 0)
   361  012F  1283               	bcf	3,5	;RP0=0, select bank0
   362  0130  1303               	bcf	3,6	;RP1=0, select bank0
   363  0131  189F               	btfsc	31,1	;volatile
   364  0132  2934               	goto	u111
   365  0133  2935               	goto	u110
   366  0134                     u111:
   367  0134  2973               	goto	l888
   368  0135                     u110:
   369  0135                     l868:
   370                           
   371                           ;main.c: 119:         {;main.c: 120:             if (ADCON0bits.CHS == 0b0000)
   372  0135  0C1F               	rrf	31,w	;volatile
   373  0136  00F4               	movwf	??_main
   374  0137  0C74               	rrf	??_main,w
   375  0138  390F               	andlw	15
   376  0139  3A00               	xorlw	0
   377  013A  1D03               	skipz
   378  013B  293D               	goto	u121
   379  013C  293E               	goto	u120
   380  013D                     u121:
   381  013D  2943               	goto	l872
   382  013E                     u120:
   383  013E                     l870:
   384                           
   385                           ;main.c: 121:             {;main.c: 122:                 ADCON0bits.CHS = 0b0001;
   386  013E  081F               	movf	31,w	;volatile
   387  013F  39C3               	andlw	-61
   388  0140  3804               	iorlw	4
   389  0141  009F               	movwf	31	;volatile
   390                           
   391                           ;main.c: 123:             }
   392  0142  296B               	goto	l884
   393  0143                     l872:
   394  0143  0C1F               	rrf	31,w	;volatile
   395  0144  00F4               	movwf	??_main
   396  0145  0C74               	rrf	??_main,w
   397  0146  390F               	andlw	15
   398  0147  3A01               	xorlw	1
   399  0148  1D03               	skipz
   400  0149  294B               	goto	u131
   401  014A  294C               	goto	u130
   402  014B                     u131:
   403  014B  2951               	goto	l876
   404  014C                     u130:
   405  014C                     l874:
   406                           
   407                           ;main.c: 126:             {;main.c: 127:                 ADCON0bits.CHS = 0b0010;
   408  014C  081F               	movf	31,w	;volatile
   409  014D  39C3               	andlw	-61
   410  014E  3808               	iorlw	8
   411  014F  009F               	movwf	31	;volatile
   412                           
   413                           ;main.c: 128:             }
   414  0150  296B               	goto	l884
   415  0151                     l876:
   416  0151  0C1F               	rrf	31,w	;volatile
   417  0152  00F4               	movwf	??_main
   418  0153  0C74               	rrf	??_main,w
   419  0154  390F               	andlw	15
   420  0155  3A02               	xorlw	2
   421  0156  1D03               	skipz
   422  0157  2959               	goto	u141
   423  0158  295A               	goto	u140
   424  0159                     u141:
   425  0159  295F               	goto	l880
   426  015A                     u140:
   427  015A                     l878:
   428                           
   429                           ;main.c: 131:             {;main.c: 132:                 ADCON0bits.CHS = 0b0011;
   430  015A  081F               	movf	31,w	;volatile
   431  015B  39C3               	andlw	-61
   432  015C  380C               	iorlw	12
   433  015D  009F               	movwf	31	;volatile
   434                           
   435                           ;main.c: 133:             }
   436  015E  296B               	goto	l884
   437  015F                     l880:
   438  015F  0C1F               	rrf	31,w	;volatile
   439  0160  00F4               	movwf	??_main
   440  0161  0C74               	rrf	??_main,w
   441  0162  390F               	andlw	15
   442  0163  3A03               	xorlw	3
   443  0164  1D03               	skipz
   444  0165  2967               	goto	u151
   445  0166  2968               	goto	u150
   446  0167                     u151:
   447  0167  296B               	goto	l107
   448  0168                     u150:
   449  0168                     l882:
   450                           
   451                           ;main.c: 136:             {;main.c: 137:                 ADCON0bits.CHS = 0b0000;
   452  0168  30C3               	movlw	-61
   453  0169  059F               	andwf	31,f	;volatile
   454  016A  296B               	goto	l884
   455  016B                     l107:
   456  016B                     l884:
   457                           
   458                           ;main.c: 140:             _delay((unsigned long)((50)*(4000000/4000000.0)));
   459  016B  3010               	movlw	16
   460  016C  00F4               	movwf	??_main
   461  016D                     u177:
   462  016D  0BF4               	decfsz	??_main,f
   463  016E  296D               	goto	u177
   464  016F  0000               	nop
   465  0170                     l886:
   466                           
   467                           ;main.c: 141:             ADCON0bits.GO = 1;
   468  0170  1283               	bcf	3,5	;RP0=0, select bank0
   469  0171  1303               	bcf	3,6	;RP1=0, select bank0
   470  0172  149F               	bsf	31,1	;volatile
   471  0173                     l888:
   472                           
   473                           ;main.c: 145:         PORTAbits.RA7 = 0;
   474  0173  1385               	bcf	5,7	;volatile
   475  0174                     l890:
   476                           
   477                           ;main.c: 146:         _delay((unsigned long)((10)*(4000000/4000.0)));
   478  0174  300D               	movlw	13
   479  0175  00F5               	movwf	??_main+1
   480  0176  30FB               	movlw	251
   481  0177  00F4               	movwf	??_main
   482  0178                     u187:
   483  0178  0BF4               	decfsz	??_main,f
   484  0179  2978               	goto	u187
   485  017A  0BF5               	decfsz	??_main+1,f
   486  017B  2978               	goto	u187
   487  017C  297D               	nop2
   488  017D                     l892:
   489                           
   490                           ;main.c: 148:         SSPBUF = data_SPI;
   491  017D  0876               	movf	_data_SPI,w
   492  017E  1283               	bcf	3,5	;RP0=0, select bank0
   493  017F  1303               	bcf	3,6	;RP1=0, select bank0
   494  0180  0093               	movwf	19	;volatile
   495  0181  292F               	goto	l866
   496  0182  120A  118A  280C   	ljmp	start
   497  0185                     __end_of_main:
   498                           
   499                           	psect	text1
   500  00A5                     __ptext1:	
   501 ;; *************** function _setup *****************
   502 ;; Defined at:
   503 ;;		line 154 in file "main.c"
   504 ;; Parameters:    Size  Location     Type
   505 ;;		None
   506 ;; Auto vars:     Size  Location     Type
   507 ;;		None
   508 ;; Return value:  Size  Location     Type
   509 ;;                  1    wreg      void 
   510 ;; Registers used:
   511 ;;		wreg, status,2, status,0
   512 ;; Tracked objects:
   513 ;;		On entry : 0/0
   514 ;;		On exit  : 0/0
   515 ;;		Unchanged: 0/0
   516 ;; Data sizes:     COMMON   BANK0   BANK1   BANK3   BANK2
   517 ;;      Params:         0       0       0       0       0
   518 ;;      Locals:         0       0       0       0       0
   519 ;;      Temps:          0       0       0       0       0
   520 ;;      Totals:         0       0       0       0       0
   521 ;;Total ram usage:        0 bytes
   522 ;; Hardware stack levels used: 1
   523 ;; Hardware stack levels required when called: 2
   524 ;; This function calls:
   525 ;;		Nothing
   526 ;; This function is called by:
   527 ;;		_main
   528 ;; This function uses a non-reentrant model
   529 ;;
   530                           
   531  00A5                     _setup:	
   532                           ;psect for function _setup
   533                           
   534  00A5                     l726:	
   535                           ;incstack = 0
   536                           ; Regs used in _setup: [wreg+status,2+status,0]
   537                           
   538                           
   539                           ;main.c: 157:     ANSEL = 0x0F;
   540  00A5  300F               	movlw	15
   541  00A6  1683               	bsf	3,5	;RP0=1, select bank3
   542  00A7  1703               	bsf	3,6	;RP1=1, select bank3
   543  00A8  0088               	movwf	8	;volatile
   544  00A9                     l728:
   545                           
   546                           ;main.c: 158:     ANSELH = 0;
   547  00A9  0189               	clrf	9	;volatile
   548  00AA                     l730:
   549                           
   550                           ;main.c: 161:     OSCCONbits.IRCF = 0b0111;
   551  00AA  3070               	movlw	112
   552  00AB  1683               	bsf	3,5	;RP0=1, select bank1
   553  00AC  1303               	bcf	3,6	;RP1=0, select bank1
   554  00AD  048F               	iorwf	15,f	;volatile
   555  00AE                     l732:
   556                           
   557                           ;main.c: 162:     OSCCONbits.SCS = 1;
   558  00AE  140F               	bsf	15,0	;volatile
   559  00AF                     l734:
   560                           
   561                           ;main.c: 165:     TRISA = 0x0F;
   562  00AF  300F               	movlw	15
   563  00B0  0085               	movwf	5	;volatile
   564  00B1                     l736:
   565                           
   566                           ;main.c: 166:     PORTA = 0;
   567  00B1  1283               	bcf	3,5	;RP0=0, select bank0
   568  00B2  1303               	bcf	3,6	;RP1=0, select bank0
   569  00B3  0185               	clrf	5	;volatile
   570  00B4                     l738:
   571                           
   572                           ;main.c: 168:     TRISB = 0x00;
   573  00B4  1683               	bsf	3,5	;RP0=1, select bank1
   574  00B5  1303               	bcf	3,6	;RP1=0, select bank1
   575  00B6  0186               	clrf	6	;volatile
   576  00B7                     l740:
   577                           
   578                           ;main.c: 169:     PORTB = 0;
   579  00B7  1283               	bcf	3,5	;RP0=0, select bank0
   580  00B8  1303               	bcf	3,6	;RP1=0, select bank0
   581  00B9  0186               	clrf	6	;volatile
   582  00BA                     l742:
   583                           
   584                           ;main.c: 171:     TRISC = 0x10;
   585  00BA  3010               	movlw	16
   586  00BB  1683               	bsf	3,5	;RP0=1, select bank1
   587  00BC  1303               	bcf	3,6	;RP1=0, select bank1
   588  00BD  0087               	movwf	7	;volatile
   589  00BE                     l744:
   590                           
   591                           ;main.c: 172:     PORTC = 0;
   592  00BE  1283               	bcf	3,5	;RP0=0, select bank0
   593  00BF  1303               	bcf	3,6	;RP1=0, select bank0
   594  00C0  0187               	clrf	7	;volatile
   595  00C1                     l746:
   596                           
   597                           ;main.c: 174:     TRISD = 0x00;
   598  00C1  1683               	bsf	3,5	;RP0=1, select bank1
   599  00C2  1303               	bcf	3,6	;RP1=0, select bank1
   600  00C3  0188               	clrf	8	;volatile
   601  00C4                     l748:
   602                           
   603                           ;main.c: 175:     PORTD = 0;
   604  00C4  1283               	bcf	3,5	;RP0=0, select bank0
   605  00C5  1303               	bcf	3,6	;RP1=0, select bank0
   606  00C6  0188               	clrf	8	;volatile
   607  00C7                     l750:
   608                           
   609                           ;main.c: 177:     TRISE = 0x00;
   610  00C7  1683               	bsf	3,5	;RP0=1, select bank1
   611  00C8  1303               	bcf	3,6	;RP1=0, select bank1
   612  00C9  0189               	clrf	9	;volatile
   613  00CA                     l752:
   614                           
   615                           ;main.c: 178:     PORTE = 0;
   616  00CA  1283               	bcf	3,5	;RP0=0, select bank0
   617  00CB  1303               	bcf	3,6	;RP1=0, select bank0
   618  00CC  0189               	clrf	9	;volatile
   619  00CD                     l754:
   620                           
   621                           ;main.c: 181:     ADCON0bits.ADCS = 0b01;
   622  00CD  081F               	movf	31,w	;volatile
   623  00CE  393F               	andlw	-193
   624  00CF  3840               	iorlw	64
   625  00D0  009F               	movwf	31	;volatile
   626  00D1                     l756:
   627                           
   628                           ;main.c: 182:     ADCON0bits.CHS = 0b0000;
   629  00D1  30C3               	movlw	-61
   630  00D2  059F               	andwf	31,f	;volatile
   631  00D3                     l758:
   632                           
   633                           ;main.c: 183:     ADCON1bits.VCFG0 = 0;
   634  00D3  1683               	bsf	3,5	;RP0=1, select bank1
   635  00D4  1303               	bcf	3,6	;RP1=0, select bank1
   636  00D5  121F               	bcf	31,4	;volatile
   637  00D6                     l760:
   638                           
   639                           ;main.c: 184:     ADCON1bits.VCFG1 = 0;
   640  00D6  129F               	bcf	31,5	;volatile
   641  00D7                     l762:
   642                           
   643                           ;main.c: 185:     ADCON1bits.ADFM = 0;
   644  00D7  139F               	bcf	31,7	;volatile
   645  00D8                     l764:
   646                           
   647                           ;main.c: 186:     ADCON0bits.ADON = 1;
   648  00D8  1283               	bcf	3,5	;RP0=0, select bank0
   649  00D9  1303               	bcf	3,6	;RP1=0, select bank0
   650  00DA  141F               	bsf	31,0	;volatile
   651  00DB                     l766:
   652                           
   653                           ;main.c: 188:     TRISCbits.TRISC2 = 1;
   654  00DB  1683               	bsf	3,5	;RP0=1, select bank1
   655  00DC  1303               	bcf	3,6	;RP1=0, select bank1
   656  00DD  1507               	bsf	7,2	;volatile
   657  00DE                     l768:
   658                           
   659                           ;main.c: 189:     CCP1CONbits.P1M = 0;
   660  00DE  303F               	movlw	-193
   661  00DF  1283               	bcf	3,5	;RP0=0, select bank0
   662  00E0  1303               	bcf	3,6	;RP1=0, select bank0
   663  00E1  0597               	andwf	23,f	;volatile
   664  00E2                     l770:
   665                           
   666                           ;main.c: 190:     CCP1CONbits.CCP1M = 0b1100;
   667  00E2  0817               	movf	23,w	;volatile
   668  00E3  39F0               	andlw	-16
   669  00E4  380C               	iorlw	12
   670  00E5  0097               	movwf	23	;volatile
   671  00E6                     l772:
   672                           
   673                           ;main.c: 191:     CCP2CONbits.CCP2M = 0b1111;
   674  00E6  300F               	movlw	15
   675  00E7  049D               	iorwf	29,f	;volatile
   676  00E8                     l774:
   677                           
   678                           ;main.c: 193:     CCPR1L = 0x0F;
   679  00E8  300F               	movlw	15
   680  00E9  0095               	movwf	21	;volatile
   681  00EA                     l776:
   682                           
   683                           ;main.c: 194:     CCP1CONbits.DC1B = 0;
   684  00EA  30CF               	movlw	-49
   685  00EB  0597               	andwf	23,f	;volatile
   686  00EC                     l778:
   687                           
   688                           ;main.c: 195:     CCPR2L = 0x0F;
   689  00EC  300F               	movlw	15
   690  00ED  009B               	movwf	27	;volatile
   691  00EE                     l780:
   692                           
   693                           ;main.c: 196:     PR2 = 250;
   694  00EE  30FA               	movlw	250
   695  00EF  1683               	bsf	3,5	;RP0=1, select bank1
   696  00F0  1303               	bcf	3,6	;RP1=0, select bank1
   697  00F1  0092               	movwf	18	;volatile
   698  00F2                     l782:
   699                           
   700                           ;main.c: 198:     T2CONbits.T2CKPS = 0b11;
   701  00F2  3003               	movlw	3
   702  00F3  1283               	bcf	3,5	;RP0=0, select bank0
   703  00F4  1303               	bcf	3,6	;RP1=0, select bank0
   704  00F5  0492               	iorwf	18,f	;volatile
   705  00F6                     l784:
   706                           
   707                           ;main.c: 199:     T2CONbits.TMR2ON = 1;
   708  00F6  1512               	bsf	18,2	;volatile
   709  00F7                     l786:
   710                           
   711                           ;main.c: 200:     PIR1bits.TMR2IF = 0;
   712  00F7  108C               	bcf	12,1	;volatile
   713  00F8                     l116:	
   714                           ;main.c: 202:     while(PIR1bits.TMR2IF == 0);
   715                           
   716  00F8  1C8C               	btfss	12,1	;volatile
   717  00F9  28FB               	goto	u11
   718  00FA  28FC               	goto	u10
   719  00FB                     u11:
   720  00FB  28F8               	goto	l116
   721  00FC                     u10:
   722  00FC                     l118:
   723                           
   724                           ;main.c: 203:         PIR1bits.TMR2IF = 0;
   725  00FC  108C               	bcf	12,1	;volatile
   726                           
   727                           ;main.c: 205:     TRISCbits.TRISC2 = 0;
   728  00FD  1683               	bsf	3,5	;RP0=1, select bank1
   729  00FE  1303               	bcf	3,6	;RP1=0, select bank1
   730  00FF  1107               	bcf	7,2	;volatile
   731                           
   732                           ;main.c: 208:     OPTION_REGbits.T0CS = 0;
   733  0100  1281               	bcf	1,5	;volatile
   734                           
   735                           ;main.c: 209:     OPTION_REGbits.T0SE = 0;
   736  0101  1201               	bcf	1,4	;volatile
   737                           
   738                           ;main.c: 210:     OPTION_REGbits.PS2 = 1;
   739  0102  1501               	bsf	1,2	;volatile
   740                           
   741                           ;main.c: 211:     OPTION_REGbits.PS1 = 1;
   742  0103  1481               	bsf	1,1	;volatile
   743                           
   744                           ;main.c: 212:     OPTION_REGbits.PS0 = 1;
   745  0104  1401               	bsf	1,0	;volatile
   746  0105                     l788:
   747                           
   748                           ;main.c: 215:     SSPCONbits.SSPM = 0b0000;
   749  0105  30F0               	movlw	-16
   750  0106  1283               	bcf	3,5	;RP0=0, select bank0
   751  0107  1303               	bcf	3,6	;RP1=0, select bank0
   752  0108  0594               	andwf	20,f	;volatile
   753  0109                     l790:
   754                           
   755                           ;main.c: 216:     SSPCONbits.CKP = 0;
   756  0109  1214               	bcf	20,4	;volatile
   757  010A                     l792:
   758                           
   759                           ;main.c: 217:     SSPCONbits.SSPEN = 1;
   760  010A  1694               	bsf	20,5	;volatile
   761  010B                     l794:
   762                           
   763                           ;main.c: 218:     SSPSTATbits.CKE = 1;
   764  010B  1683               	bsf	3,5	;RP0=1, select bank1
   765  010C  1303               	bcf	3,6	;RP1=0, select bank1
   766  010D  1714               	bsf	20,6	;volatile
   767  010E                     l796:
   768                           
   769                           ;main.c: 219:     SSPSTATbits.SMP = 1;
   770  010E  1794               	bsf	20,7	;volatile
   771  010F                     l798:
   772                           
   773                           ;main.c: 222:     INTCONbits.GIE = 1;
   774  010F  178B               	bsf	11,7	;volatile
   775  0110                     l800:
   776                           
   777                           ;main.c: 223:     INTCONbits.PEIE = 1;
   778  0110  170B               	bsf	11,6	;volatile
   779  0111                     l802:
   780                           
   781                           ;main.c: 225:     PIE1bits.ADIE = 1;
   782  0111  170C               	bsf	12,6	;volatile
   783  0112                     l804:
   784                           
   785                           ;main.c: 226:     PIR1bits.ADIF = 0;
   786  0112  1283               	bcf	3,5	;RP0=0, select bank0
   787  0113  1303               	bcf	3,6	;RP1=0, select bank0
   788  0114  130C               	bcf	12,6	;volatile
   789  0115                     l806:
   790                           
   791                           ;main.c: 228:     INTCONbits.T0IF = 0;
   792  0115  110B               	bcf	11,2	;volatile
   793  0116                     l808:
   794                           
   795                           ;main.c: 229:     INTCONbits.T0IE = 1;
   796  0116  168B               	bsf	11,5	;volatile
   797  0117                     l810:
   798                           
   799                           ;main.c: 231:     PIE1bits.SSPIE = 1;
   800  0117  1683               	bsf	3,5	;RP0=1, select bank1
   801  0118  1303               	bcf	3,6	;RP1=0, select bank1
   802  0119  158C               	bsf	12,3	;volatile
   803  011A                     l812:
   804                           
   805                           ;main.c: 232:     PIR1bits.SSPIF = 0;
   806  011A  1283               	bcf	3,5	;RP0=0, select bank0
   807  011B  1303               	bcf	3,6	;RP1=0, select bank0
   808  011C  118C               	bcf	12,3	;volatile
   809  011D                     l814:
   810                           
   811                           ;main.c: 235:     PORTAbits.RA4 = 1;
   812  011D  1605               	bsf	5,4	;volatile
   813  011E                     l816:
   814                           
   815                           ;main.c: 236:     SSPBUF = 0x00;
   816  011E  0193               	clrf	19	;volatile
   817  011F                     l119:
   818  011F  0008               	return
   819  0120                     __end_of_setup:
   820                           
   821                           	psect	text2
   822  0185                     __ptext2:	
   823 ;; *************** function _reset_TMR0 *****************
   824 ;; Defined at:
   825 ;;		line 239 in file "main.c"
   826 ;; Parameters:    Size  Location     Type
   827 ;;		None
   828 ;; Auto vars:     Size  Location     Type
   829 ;;		None
   830 ;; Return value:  Size  Location     Type
   831 ;;                  1    wreg      void 
   832 ;; Registers used:
   833 ;;		status,2
   834 ;; Tracked objects:
   835 ;;		On entry : 0/0
   836 ;;		On exit  : 0/0
   837 ;;		Unchanged: 0/0
   838 ;; Data sizes:     COMMON   BANK0   BANK1   BANK3   BANK2
   839 ;;      Params:         0       0       0       0       0
   840 ;;      Locals:         0       0       0       0       0
   841 ;;      Temps:          0       0       0       0       0
   842 ;;      Totals:         0       0       0       0       0
   843 ;;Total ram usage:        0 bytes
   844 ;; Hardware stack levels used: 1
   845 ;; Hardware stack levels required when called: 2
   846 ;; This function calls:
   847 ;;		Nothing
   848 ;; This function is called by:
   849 ;;		_main
   850 ;; This function uses a non-reentrant model
   851 ;;
   852                           
   853  0185                     _reset_TMR0:	
   854                           ;psect for function _reset_TMR0
   855                           
   856  0185                     l720:	
   857                           ;incstack = 0
   858                           ; Regs used in _reset_TMR0: [status,2]
   859                           
   860                           
   861                           ;main.c: 241:     TMR0 = 0;
   862  0185  1283               	bcf	3,5	;RP0=0, select bank0
   863  0186  1303               	bcf	3,6	;RP1=0, select bank0
   864  0187  0181               	clrf	1	;volatile
   865  0188                     l722:
   866                           
   867                           ;main.c: 242:     INTCONbits.T0IF = 0;
   868  0188  110B               	bcf	11,2	;volatile
   869  0189                     l122:
   870  0189  0008               	return
   871  018A                     __end_of_reset_TMR0:
   872                           
   873                           	psect	text3
   874  0014                     __ptext3:	
   875 ;; *************** function _isr *****************
   876 ;; Defined at:
   877 ;;		line 52 in file "main.c"
   878 ;; Parameters:    Size  Location     Type
   879 ;;		None
   880 ;; Auto vars:     Size  Location     Type
   881 ;;		None
   882 ;; Return value:  Size  Location     Type
   883 ;;                  1    wreg      void 
   884 ;; Registers used:
   885 ;;		wreg, status,2, status,0, pclath, cstack
   886 ;; Tracked objects:
   887 ;;		On entry : 0/0
   888 ;;		On exit  : 0/0
   889 ;;		Unchanged: 0/0
   890 ;; Data sizes:     COMMON   BANK0   BANK1   BANK3   BANK2
   891 ;;      Params:         0       0       0       0       0
   892 ;;      Locals:         0       0       0       0       0
   893 ;;      Temps:          4       0       0       0       0
   894 ;;      Totals:         4       0       0       0       0
   895 ;;Total ram usage:        4 bytes
   896 ;; Hardware stack levels used: 1
   897 ;; Hardware stack levels required when called: 1
   898 ;; This function calls:
   899 ;;		i1_reset_TMR0
   900 ;; This function is called by:
   901 ;;		Interrupt level 1
   902 ;; This function uses a non-reentrant model
   903 ;;
   904                           
   905  0014                     _isr:	
   906                           ;psect for function _isr
   907                           
   908  0014                     i1l824:
   909                           
   910                           ;main.c: 55:     if (PIR1bits.ADIF)
   911  0014  1283               	bcf	3,5	;RP0=0, select bank0
   912  0015  1303               	bcf	3,6	;RP1=0, select bank0
   913  0016  1F0C               	btfss	12,6	;volatile
   914  0017  2819               	goto	u2_21
   915  0018  281A               	goto	u2_20
   916  0019                     u2_21:
   917  0019  288D               	goto	i1l852
   918  001A                     u2_20:
   919  001A                     i1l826:
   920                           
   921                           ;main.c: 56:     {;main.c: 58:         if (ADCON0bits.CHS == 0b0000)
   922  001A  0C1F               	rrf	31,w	;volatile
   923  001B  00F0               	movwf	??_isr
   924  001C  0C70               	rrf	??_isr,w
   925  001D  390F               	andlw	15
   926  001E  3A00               	xorlw	0
   927  001F  1D03               	skipz
   928  0020  2822               	goto	u3_21
   929  0021  2823               	goto	u3_20
   930  0022                     u3_21:
   931  0022  282A               	goto	i1l834
   932  0023                     u3_20:
   933  0023                     i1l828:
   934                           
   935                           ;main.c: 59:         {;main.c: 60:             data_SPI = ADRESH;
   936  0023  081E               	movf	30,w	;volatile
   937  0024  00F0               	movwf	??_isr
   938  0025  0870               	movf	??_isr,w
   939  0026  00F6               	movwf	_data_SPI
   940  0027                     i1l830:
   941                           
   942                           ;main.c: 61:             PORTDbits.RD0 = 1;
   943  0027  1408               	bsf	8,0	;volatile
   944  0028                     i1l832:
   945                           
   946                           ;main.c: 62:             PORTDbits.RD1 = 0;
   947  0028  1088               	bcf	8,1	;volatile
   948                           
   949                           ;main.c: 63:         }
   950  0029  288C               	goto	i1l850
   951  002A                     i1l834:
   952  002A  0C1F               	rrf	31,w	;volatile
   953  002B  00F0               	movwf	??_isr
   954  002C  0C70               	rrf	??_isr,w
   955  002D  390F               	andlw	15
   956  002E  3A01               	xorlw	1
   957  002F  1D03               	skipz
   958  0030  2832               	goto	u4_21
   959  0031  2833               	goto	u4_20
   960  0032                     u4_21:
   961  0032  283A               	goto	i1l842
   962  0033                     u4_20:
   963  0033                     i1l836:
   964                           
   965                           ;main.c: 67:         {;main.c: 68:             data_SPI = ADRESH;
   966  0033  081E               	movf	30,w	;volatile
   967  0034  00F0               	movwf	??_isr
   968  0035  0870               	movf	??_isr,w
   969  0036  00F6               	movwf	_data_SPI
   970  0037                     i1l838:
   971                           
   972                           ;main.c: 69:             PORTDbits.RD0 = 0;
   973  0037  1008               	bcf	8,0	;volatile
   974  0038                     i1l840:
   975                           
   976                           ;main.c: 70:             PORTDbits.RD1 = 1;
   977  0038  1488               	bsf	8,1	;volatile
   978                           
   979                           ;main.c: 71:         }
   980  0039  288C               	goto	i1l850
   981  003A                     i1l842:
   982  003A  0C1F               	rrf	31,w	;volatile
   983  003B  00F0               	movwf	??_isr
   984  003C  0C70               	rrf	??_isr,w
   985  003D  390F               	andlw	15
   986  003E  3A02               	xorlw	2
   987  003F  1D03               	skipz
   988  0040  2842               	goto	u5_21
   989  0041  2843               	goto	u5_20
   990  0042                     u5_21:
   991  0042  2863               	goto	i1l846
   992  0043                     u5_20:
   993  0043                     i1l844:
   994                           
   995                           ;main.c: 75:         {;main.c: 76:             CCPR1L = (ADRESH>>1)+123;
   996  0043  081E               	movf	30,w	;volatile
   997  0044  00F0               	movwf	??_isr
   998  0045  1003               	clrc
   999  0046  0C70               	rrf	??_isr,w
  1000  0047  3E7B               	addlw	123
  1001  0048  0095               	movwf	21	;volatile
  1002                           
  1003                           ;main.c: 77:             CCP1CONbits.DC1B = (ADRESH & 0b01);
  1004  0049  081E               	movf	30,w	;volatile
  1005  004A  3901               	andlw	1
  1006  004B  00F0               	movwf	??_isr
  1007  004C  0EF0               	swapf	??_isr,f
  1008  004D  0817               	movf	23,w	;volatile
  1009  004E  0670               	xorwf	??_isr,w
  1010  004F  39CF               	andlw	-49
  1011  0050  0670               	xorwf	??_isr,w
  1012  0051  0097               	movwf	23	;volatile
  1013                           
  1014                           ;main.c: 78:             CCP1CONbits.DC1B0 = (ADRESH>>7);
  1015  0052  081E               	movf	30,w	;volatile
  1016  0053  00F0               	movwf	??_isr
  1017  0054  3007               	movlw	7
  1018  0055                     u6_25:
  1019  0055  1003               	clrc
  1020  0056  0CF0               	rrf	??_isr,f
  1021  0057  3EFF               	addlw	-1
  1022  0058  1D03               	skipz
  1023  0059  2855               	goto	u6_25
  1024  005A  0870               	movf	??_isr,w
  1025  005B  00F1               	movwf	??_isr+1
  1026  005C  0EF1               	swapf	??_isr+1,f
  1027  005D  0817               	movf	23,w	;volatile
  1028  005E  0671               	xorwf	??_isr+1,w
  1029  005F  39EF               	andlw	-17
  1030  0060  0671               	xorwf	??_isr+1,w
  1031  0061  0097               	movwf	23	;volatile
  1032                           
  1033                           ;main.c: 79:         }
  1034  0062  288C               	goto	i1l850
  1035  0063                     i1l846:
  1036  0063  0C1F               	rrf	31,w	;volatile
  1037  0064  00F0               	movwf	??_isr
  1038  0065  0C70               	rrf	??_isr,w
  1039  0066  390F               	andlw	15
  1040  0067  3A03               	xorlw	3
  1041  0068  1D03               	skipz
  1042  0069  286B               	goto	u7_21
  1043  006A  286C               	goto	u7_20
  1044  006B                     u7_21:
  1045  006B  288C               	goto	i1l91
  1046  006C                     u7_20:
  1047  006C                     i1l848:
  1048                           
  1049                           ;main.c: 83:         {;main.c: 84:             CCPR2L = (ADRESH>>1)+123;
  1050  006C  081E               	movf	30,w	;volatile
  1051  006D  00F0               	movwf	??_isr
  1052  006E  1003               	clrc
  1053  006F  0C70               	rrf	??_isr,w
  1054  0070  3E7B               	addlw	123
  1055  0071  009B               	movwf	27	;volatile
  1056                           
  1057                           ;main.c: 85:             CCP1CONbits.DC1B = (ADRESH & 0b01);
  1058  0072  081E               	movf	30,w	;volatile
  1059  0073  3901               	andlw	1
  1060  0074  00F0               	movwf	??_isr
  1061  0075  0EF0               	swapf	??_isr,f
  1062  0076  0817               	movf	23,w	;volatile
  1063  0077  0670               	xorwf	??_isr,w
  1064  0078  39CF               	andlw	-49
  1065  0079  0670               	xorwf	??_isr,w
  1066  007A  0097               	movwf	23	;volatile
  1067                           
  1068                           ;main.c: 86:             CCP1CONbits.DC1B0 = (ADRESH>>7);
  1069  007B  081E               	movf	30,w	;volatile
  1070  007C  00F0               	movwf	??_isr
  1071  007D  3007               	movlw	7
  1072  007E                     u8_25:
  1073  007E  1003               	clrc
  1074  007F  0CF0               	rrf	??_isr,f
  1075  0080  3EFF               	addlw	-1
  1076  0081  1D03               	skipz
  1077  0082  287E               	goto	u8_25
  1078  0083  0870               	movf	??_isr,w
  1079  0084  00F1               	movwf	??_isr+1
  1080  0085  0EF1               	swapf	??_isr+1,f
  1081  0086  0817               	movf	23,w	;volatile
  1082  0087  0671               	xorwf	??_isr+1,w
  1083  0088  39EF               	andlw	-17
  1084  0089  0671               	xorwf	??_isr+1,w
  1085  008A  0097               	movwf	23	;volatile
  1086  008B  288C               	goto	i1l850
  1087  008C                     i1l91:
  1088  008C                     i1l850:
  1089                           
  1090                           ;main.c: 89:         PIR1bits.ADIF = 0;
  1091  008C  130C               	bcf	12,6	;volatile
  1092  008D                     i1l852:
  1093                           
  1094                           ;main.c: 93:     if (INTCONbits.T0IF)
  1095  008D  1D0B               	btfss	11,2	;volatile
  1096  008E  2890               	goto	u9_21
  1097  008F  2891               	goto	u9_20
  1098  0090                     u9_21:
  1099  0090  2897               	goto	i1l858
  1100  0091                     u9_20:
  1101  0091                     i1l854:
  1102                           
  1103                           ;main.c: 94:     {;main.c: 95:         reset_TMR0();
  1104  0091  120A  118A  218A  120A  118A  	fcall	i1_reset_TMR0
  1105  0096                     i1l856:
  1106                           
  1107                           ;main.c: 96:         INTCONbits.T0IF = 0;
  1108  0096  110B               	bcf	11,2	;volatile
  1109  0097                     i1l858:
  1110                           
  1111                           ;main.c: 100:     if (PIR1bits.SSPIF)
  1112  0097  1283               	bcf	3,5	;RP0=0, select bank0
  1113  0098  1303               	bcf	3,6	;RP1=0, select bank0
  1114  0099  1D8C               	btfss	12,3	;volatile
  1115  009A  289C               	goto	u10_21
  1116  009B  289D               	goto	u10_20
  1117  009C                     u10_21:
  1118  009C  289E               	goto	i1l97
  1119  009D                     u10_20:
  1120  009D                     i1l860:
  1121                           
  1122                           ;main.c: 101:     {;main.c: 102:         PIR1bits.SSPIF = 0;
  1123  009D  118C               	bcf	12,3	;volatile
  1124  009E                     i1l97:
  1125  009E  0873               	movf	??_isr+3,w
  1126  009F  008A               	movwf	10
  1127  00A0  0E72               	swapf	??_isr+2,w
  1128  00A1  0083               	movwf	3
  1129  00A2  0EFE               	swapf	btemp,f
  1130  00A3  0E7E               	swapf	btemp,w
  1131  00A4  0009               	retfie
  1132  00A5                     __end_of_isr:
  1133                           
  1134                           	psect	intentry
  1135  0004                     __pintentry:	
  1136                           ;incstack = 0
  1137                           ; Regs used in _isr: [wreg+status,2+status,0+pclath+cstack]
  1138                           
  1139  0004                     interrupt_function:
  1140  007E                     saved_w	set	btemp
  1141  0004  00FE               	movwf	btemp
  1142  0005  0E03               	swapf	3,w
  1143  0006  00F2               	movwf	??_isr+2
  1144  0007  080A               	movf	10,w
  1145  0008  00F3               	movwf	??_isr+3
  1146  0009  120A  118A  2814   	ljmp	_isr
  1147                           
  1148                           	psect	text4
  1149  018A                     __ptext4:	
  1150 ;; *************** function i1_reset_TMR0 *****************
  1151 ;; Defined at:
  1152 ;;		line 239 in file "main.c"
  1153 ;; Parameters:    Size  Location     Type
  1154 ;;		None
  1155 ;; Auto vars:     Size  Location     Type
  1156 ;;		None
  1157 ;; Return value:  Size  Location     Type
  1158 ;;                  1    wreg      void 
  1159 ;; Registers used:
  1160 ;;		status,2
  1161 ;; Tracked objects:
  1162 ;;		On entry : 0/0
  1163 ;;		On exit  : 0/0
  1164 ;;		Unchanged: 0/0
  1165 ;; Data sizes:     COMMON   BANK0   BANK1   BANK3   BANK2
  1166 ;;      Params:         0       0       0       0       0
  1167 ;;      Locals:         0       0       0       0       0
  1168 ;;      Temps:          0       0       0       0       0
  1169 ;;      Totals:         0       0       0       0       0
  1170 ;;Total ram usage:        0 bytes
  1171 ;; Hardware stack levels used: 1
  1172 ;; This function calls:
  1173 ;;		Nothing
  1174 ;; This function is called by:
  1175 ;;		_isr
  1176 ;; This function uses a non-reentrant model
  1177 ;;
  1178                           
  1179  018A                     i1_reset_TMR0:	
  1180                           ;psect for function i1_reset_TMR0
  1181                           
  1182  018A                     i1l818:	
  1183                           ;incstack = 0
  1184                           ; Regs used in i1_reset_TMR0: [status,2]
  1185                           
  1186                           
  1187                           ;main.c: 241:     TMR0 = 0;
  1188  018A  1283               	bcf	3,5	;RP0=0, select bank0
  1189  018B  1303               	bcf	3,6	;RP1=0, select bank0
  1190  018C  0181               	clrf	1	;volatile
  1191  018D                     i1l820:
  1192                           
  1193                           ;main.c: 242:     INTCONbits.T0IF = 0;
  1194  018D  110B               	bcf	11,2	;volatile
  1195  018E                     i1l122:
  1196  018E  0008               	return
  1197  018F                     __end_ofi1_reset_TMR0:
  1198  007E                     btemp	set	126	;btemp
  1199  007E                     wtemp0	set	126
  1200                           
  1201                           	psect	idloc
  1202                           
  1203                           ;Config register IDLOC0 @ 0x2000
  1204                           ;	unspecified, using default values
  1205  2000                     	org	8192
  1206  2000  3FFF               	dw	16383
  1207                           
  1208                           ;Config register IDLOC1 @ 0x2001
  1209                           ;	unspecified, using default values
  1210  2001                     	org	8193
  1211  2001  3FFF               	dw	16383
  1212                           
  1213                           ;Config register IDLOC2 @ 0x2002
  1214                           ;	unspecified, using default values
  1215  2002                     	org	8194
  1216  2002  3FFF               	dw	16383
  1217                           
  1218                           ;Config register IDLOC3 @ 0x2003
  1219                           ;	unspecified, using default values
  1220  2003                     	org	8195
  1221  2003  3FFF               	dw	16383
  1222                           
  1223                           	psect	config
  1224                           
  1225                           ;Config register CONFIG1 @ 0x2007
  1226                           ;	Oscillator Selection bits
  1227                           ;	FOSC = INTRC_NOCLKOUT, INTOSCIO oscillator: I/O function on RA6/OSC2/CLKOUT pin, I/O f
      +                          unction on RA7/OSC1/CLKIN
  1228                           ;	Watchdog Timer Enable bit
  1229                           ;	WDTE = OFF, WDT disabled and can be enabled by SWDTEN bit of the WDTCON register
  1230                           ;	Power-up Timer Enable bit
  1231                           ;	PWRTE = OFF, PWRT disabled
  1232                           ;	RE3/MCLR pin function select bit
  1233                           ;	MCLRE = OFF, RE3/MCLR pin function is digital input, MCLR internally tied to VDD
  1234                           ;	Code Protection bit
  1235                           ;	CP = OFF, Program memory code protection is disabled
  1236                           ;	Data Code Protection bit
  1237                           ;	CPD = OFF, Data memory code protection is disabled
  1238                           ;	Brown Out Reset Selection bits
  1239                           ;	BOREN = OFF, BOR disabled
  1240                           ;	Internal External Switchover bit
  1241                           ;	IESO = OFF, Internal/External Switchover mode is disabled
  1242                           ;	Fail-Safe Clock Monitor Enabled bit
  1243                           ;	FCMEN = OFF, Fail-Safe Clock Monitor is disabled
  1244                           ;	Low Voltage Programming Enable bit
  1245                           ;	LVP = OFF, RB3 pin has digital I/O, HV on MCLR must be used for programming
  1246                           ;	In-Circuit Debugger Mode bit
  1247                           ;	DEBUG = 0x1, unprogrammed default
  1248  2007                     	org	8199
  1249  2007  20D4               	dw	8404
  1250                           
  1251                           ;Config register CONFIG2 @ 0x2008
  1252                           ;	Brown-out Reset Selection bit
  1253                           ;	BOR4V = BOR40V, Brown-out Reset set to 4.0V
  1254                           ;	Flash Program Memory Self Write Enable bits
  1255                           ;	WRT = OFF, Write protection off
  1256  2008                     	org	8200
  1257  2008  3FFF               	dw	16383

Data Sizes:
    Strings     0
    Constant    0
    Data        0
    BSS         1
    Persistent  0
    Stack       0

Auto Spaces:
    Space          Size  Autos    Used
    COMMON           14      6       7
    BANK0            80      0       0
    BANK1            80      0       0
    BANK3            96      0       0
    BANK2            96      0       0

Pointer List with Targets:

    None.

Critical Paths under _main in COMMON

    None.

Critical Paths under _isr in COMMON

    None.

Critical Paths under _main in BANK0

    None.

Critical Paths under _isr in BANK0

    None.

Critical Paths under _main in BANK1

    None.

Critical Paths under _isr in BANK1

    None.

Critical Paths under _main in BANK3

    None.

Critical Paths under _isr in BANK3

    None.

Critical Paths under _main in BANK2

    None.

Critical Paths under _isr in BANK2

    None.

Call Graph Tables:

 ---------------------------------------------------------------------------------
 (Depth) Function   	        Calls       Base Space   Used Autos Params    Refs
 ---------------------------------------------------------------------------------
 (0) _main                                                 2     2      0       0
                                              4 COMMON     2     2      0
                         _reset_TMR0
                              _setup
 ---------------------------------------------------------------------------------
 (1) _setup                                                0     0      0       0
 ---------------------------------------------------------------------------------
 (1) _reset_TMR0                                           0     0      0       0
 ---------------------------------------------------------------------------------
 Estimated maximum stack depth 1
 ---------------------------------------------------------------------------------
 (Depth) Function   	        Calls       Base Space   Used Autos Params    Refs
 ---------------------------------------------------------------------------------
 (2) _isr                                                  4     4      0       0
                                              0 COMMON     4     4      0
                       i1_reset_TMR0
 ---------------------------------------------------------------------------------
 (3) i1_reset_TMR0                                         0     0      0       0
 ---------------------------------------------------------------------------------
 Estimated maximum stack depth 3
 ---------------------------------------------------------------------------------

 Call Graph Graphs:

 _main (ROOT)
   _reset_TMR0
   _setup

 _isr (ROOT)
   i1_reset_TMR0

 Address spaces:
Name               Size   Autos  Total    Cost      Usage
BITCOMMON            E      0       0       0        0.0%
EEDATA             100      0       0       0        0.0%
NULL                 0      0       0       0        0.0%
CODE                 0      0       0       0        0.0%
COMMON               E      6       7       1       50.0%
BITSFR0              0      0       0       1        0.0%
SFR0                 0      0       0       1        0.0%
BITSFR1              0      0       0       2        0.0%
SFR1                 0      0       0       2        0.0%
STACK                0      0       0       2        0.0%
ABS                  0      0       7       3        0.0%
BITBANK0            50      0       0       4        0.0%
BITSFR3              0      0       0       4        0.0%
SFR3                 0      0       0       4        0.0%
BANK0               50      0       0       5        0.0%
BITSFR2              0      0       0       5        0.0%
SFR2                 0      0       0       5        0.0%
BITBANK1            50      0       0       6        0.0%
BANK1               50      0       0       7        0.0%
BITBANK3            60      0       0       8        0.0%
BANK3               60      0       0       9        0.0%
BITBANK2            60      0       0      10        0.0%
BANK2               60      0       0      11        0.0%
DATA                 0      0       7      12        0.0%


Microchip Technology PIC Macro Assembler V2.35 build 20211206165544 
Symbol Table                                                                                   Thu Jun  2 18:56:21 2022

            _SSPSTATbits 0094                       u10 00FC                       u11 00FB  
                    l122 0189                      l107 016B                      l116 00F8  
                    l118 00FC                      l119 011F                      l720 0185  
                    l800 0110                      l722 0188                      l810 0117  
                    l802 0111                      l730 00AA                      l812 011A  
                    l804 0112                      l740 00B7                      l732 00AE  
                    l814 011D                      l806 0115                      l750 00C7  
                    l742 00BA                      l734 00AF                      l726 00A5  
                    l816 011E                      l808 0116                      l760 00D6  
                    l752 00CA                      l744 00BE                      l736 00B1  
                    l728 00A9                      l770 00E2                      l762 00D7  
                    l754 00CD                      l746 00C1                      l738 00B4  
                    l780 00EE                      l772 00E6                      l764 00D8  
                    l756 00D1                      l748 00C4                      l790 0109  
                    l782 00F2                      l774 00E8                      l766 00DB  
                    l758 00D3                      l870 013E                      l862 0120  
                    l792 010A                      l784 00F6                      l776 00EA  
                    l768 00DE                      l880 015F                      l872 0143  
                    l864 0125                      l794 010B                      l786 00F7  
                    l778 00EC                      l890 0174                      l882 0168  
                    l874 014C                      l866 012F                      l796 010E  
                    l788 0105                      l892 017D                      l876 0151  
                    l884 016B                      l868 0135                      l798 010F  
                    l886 0170                      l878 015A                      l888 0173  
                    u110 0135                      u111 0134                      u120 013E  
                    u121 013D                      u130 014C                      u131 014B  
                    u140 015A                      u141 0159                      u150 0168  
                    u151 0167                      _PR2 0092                      u167 012C  
                    u177 016D                      u187 0178                      _isr 0014  
                   ?_isr 0070                     i1l91 008C                     i1l97 009E  
                   _TMR0 0001                     u2_20 001A                     u2_21 0019  
                   u3_20 0023                     u3_21 0022                     u4_20 0033  
                   u4_21 0032                     u5_20 0043                     u5_21 0042  
                   u6_25 0055                     u7_20 006C                     u7_21 006B  
                   u8_25 007E                     u9_20 0091                     u9_21 0090  
                   _main 0120                     btemp 007E                     start 000C  
                  ??_isr 0070                    ?_main 0070                    _EEADR 010D  
                  _EEDAT 010C                    _ANSEL 0188                    i1l122 018E  
                  i1l820 018D                    i1l830 0027                    i1l840 0038  
                  i1l832 0028                    i1l824 0014                    i1l818 018A  
                  i1l842 003A                    i1l850 008C                    i1l834 002A  
                  i1l826 001A                    i1l860 009D                    i1l844 0043  
                  i1l836 0033                    i1l828 0023                    i1l852 008D  
                  i1l854 0091                    i1l846 0063                    i1l838 0037  
                  i1l856 0096                    i1l848 006C                    i1l858 0097  
                  u10_20 009D                    u10_21 009C                    _PORTA 0005  
                  _PORTB 0006                    _PORTC 0007                    _PORTD 0008  
                  _PORTE 0009                    _TRISA 0085                    _TRISB 0086  
                  _TRISC 0087                    _TRISD 0088                    _TRISE 0089  
                  _setup 00A5                    pclath 000A                    status 0003  
                  wtemp0 007E          __initialization 000F             __end_of_main 0185  
                 ??_main 0074                   _ADRESH 001E                   _CCPR1L 0015  
                 _CCPR2L 001B                   _EECON2 018D                   ?_setup 0070  
                 _ANSELH 0189                   _SSPBUF 0013             i1_reset_TMR0 018A  
                 saved_w 007E  __end_of__initialization 0010           __pcstackCOMMON 0070  
          __end_of_setup 0120           _OPTION_REGbits 0081                  ??_setup 0074  
             __pmaintext 0120               __pintentry 0004                  __ptext1 00A5  
                __ptext2 0185                  __ptext3 0014                  __ptext4 018A  
              _T2CONbits 0012     end_of_initialization 0010               _reset_TMR0 0185  
              _PORTAbits 0005                _PORTDbits 0008                _TRISCbits 0087  
            _CCP1CONbits 0017              _CCP2CONbits 001D      start_initialization 000F  
            __end_of_isr 00A5              ?_reset_TMR0 0070              __pbssCOMMON 0076  
              ___latbits 0002        interrupt_function 0004                 _PIE1bits 008C  
               _PIR1bits 000C               _ADCON0bits 001F               _ADCON1bits 009F  
          ?i1_reset_TMR0 0070               _EECON1bits 018C           ??i1_reset_TMR0 0070  
               _data_SPI 0076             ??_reset_TMR0 0074               _INTCONbits 000B  
     __end_of_reset_TMR0 018A                 intlevel1 0000               _OSCCONbits 008F  
   __end_ofi1_reset_TMR0 018F               _SSPCONbits 0014  
